0 info it worked if it ends with ok
1 verbose cli [ 'C:\\Program Files\\nodejs\\node.exe',
1 verbose cli   'C:\\Program Files\\nodejs\\node_modules\\npm\\bin\\npm-cli.js',
1 verbose cli   'start' ]
2 info using npm@3.3.12
3 info using node@v5.3.0
4 verbose run-script [ 'prestart', 'start', 'poststart' ]
5 info lifecycle test-crud@0.0.1~prestart: test-crud@0.0.1
6 silly lifecycle test-crud@0.0.1~prestart: no script for prestart, continuing
7 info lifecycle test-crud@0.0.1~start: test-crud@0.0.1
8 verbose lifecycle test-crud@0.0.1~start: unsafe-perm in lifecycle true
9 verbose lifecycle test-crud@0.0.1~start: PATH: C:\Program Files\nodejs\node_modules\npm\bin\node-gyp-bin;C:\Users\JYK\Desktop\crud_test-master\node_modules\.bin;C:\Users\JYK\bin;C:\Program Files\Git\mingw64\bin;C:\Program Files\Git\usr\local\bin;C:\Program Files\Git\usr\bin;C:\Program Files\Git\usr\bin;C:\Program Files\Git\mingw64\bin;C:\Program Files\Git\usr\bin;C:\Users\JYK\bin;C:\Program Files\Java\jdk1.8.0_45\bin;C:\Windows\System32;C:\Program Files\MATLAB\R2010a\runtime\win64;C:\Program Files\MATLAB\R2010a\bin;C:\Program Files\MySQL\MySQL Server 5.6\bin;C:\Program Files (x86)\ePapyrus\Papyrus-PlugIn-ntas;C:\Program Files (x86)\ePapyrus\Papyrus-PlugIn-ntas\Addins;C:\Program Files\nodejs;C:\Ruby22\bin;C:\Program Files\Bandizip\7z;C:\Users\JYK\AppData\Roaming\npm;C:\mongodb\bin;C:\Program Files\Git\usr\bin\vendor_perl;C:\Program Files\Git\usr\bin\core_perl
10 verbose lifecycle test-crud@0.0.1~start: CWD: C:\Users\JYK\Desktop\crud_test-master
11 silly lifecycle test-crud@0.0.1~start: Args: [ '/d /s /c', 'node ./bin/www' ]
12 silly lifecycle test-crud@0.0.1~start: Returned: code: 1  signal: null
13 info lifecycle test-crud@0.0.1~start: Failed to exec start script
14 verbose stack Error: test-crud@0.0.1 start: `node ./bin/www`
14 verbose stack Exit status 1
14 verbose stack     at EventEmitter.<anonymous> (C:\Program Files\nodejs\node_modules\npm\lib\utils\lifecycle.js:232:16)
14 verbose stack     at emitTwo (events.js:87:13)
14 verbose stack     at EventEmitter.emit (events.js:172:7)
14 verbose stack     at ChildProcess.<anonymous> (C:\Program Files\nodejs\node_modules\npm\lib\utils\spawn.js:24:14)
14 verbose stack     at emitTwo (events.js:87:13)
14 verbose stack     at ChildProcess.emit (events.js:172:7)
14 verbose stack     at maybeClose (internal/child_process.js:818:16)
14 verbose stack     at Process.ChildProcess._handle.onexit (internal/child_process.js:211:5)
15 verbose pkgid test-crud@0.0.1
16 verbose cwd C:\Users\JYK\Desktop\crud_test-master
17 error Windows_NT 6.1.7601
18 error argv "C:\\Program Files\\nodejs\\node.exe" "C:\\Program Files\\nodejs\\node_modules\\npm\\bin\\npm-cli.js" "start"
19 error node v5.3.0
20 error npm  v3.3.12
21 error code ELIFECYCLE
22 error test-crud@0.0.1 start: `node ./bin/www`
22 error Exit status 1
23 error Failed at the test-crud@0.0.1 start script 'node ./bin/www'.
23 error Make sure you have the latest version of node.js and npm installed.
23 error If you do, this is most likely a problem with the test-crud package,
23 error not with npm itself.
23 error Tell the author that this fails on your system:
23 error     node ./bin/www
23 error You can get their info via:
23 error     npm owner ls test-crud
23 error There is likely additional logging output above.
24 verbose exit [ 1, true ]
